<?xml version="1.0" encoding="UTF-8" ?><testsuite errors="0" name="jasmine.specs" tests="34" failures="0" skipped="0" hostname="localhost" time="0.0" timestamp="2012-10-01T17:21:46"><testcase classname="jasmine" name="Conceitos Básicos de Arrays deve armazenar uma lista de valores crescente." time="0.0" failure="false"/><testcase classname="jasmine" name="Conceitos Básicos de Arrays deve adicionar um novo valor." time="0.0" failure="false"/><testcase classname="jasmine" name="Conceitos Básicos de Arrays deve remover um valor." time="0.0" failure="false"/><testcase classname="jasmine" name="Conceitos Básicos de Arrays deve ordenar uma lista de valores" time="0.0" failure="false"/><testcase classname="jasmine" name="Conceitos de tratamento de Exceção Deve lançar exceção ao acessar uma propriedade nula" time="0.0" failure="false"/><testcase classname="jasmine" name="Conceitos de tratamento de Exceção Deve tratar a exceção lançada" time="0.0" failure="false"/><testcase classname="jasmine" name="Conceitos de tratamento de Exceção Deve esperar uma exceção do tipo ReferenceError" time="0.0" failure="false"/><testcase classname="jasmine" name="Conceitos de tratamento de Exceção Lançamento de exceção customizada." time="0.0" failure="false"/><testcase classname="jasmine" name="Conceitos básicos para trabalhar com valores numéricos deve somar dois valores." time="0.0" failure="false"/><testcase classname="jasmine" name="Conceitos básicos para trabalhar com valores numéricos deve multiplicar dois valores." time="0.0" failure="false"/><testcase classname="jasmine" name="Conceitos básicos para trabalhar com valores numéricos deve dividir dois valores." time="0.0" failure="false"/><testcase classname="jasmine" name="Conceitos básicos para trabalhar com valores numéricos deve subtrair dois valores." time="0.0" failure="false"/><testcase classname="jasmine" name="Conceitos Basicos de Orientação a Objetos em Javascript deve esperar que um comportamento seja executado." time="0.0" failure="false"/><testcase classname="jasmine" name="Conceitos Basicos de Orientação a Objetos em Javascript deve esperar que um comportamento seja executado duas vezes." time="0.0" failure="false"/><testcase classname="jasmine" name="Conceitos Basicos de Orientação a Objetos em Javascript o valor final deve ser 30" time="0.0" failure="false"/><testcase classname="jasmine" name="Conceitos Basicos de Orientação a Objetos em Javascript tratores devem acelerar mais para atingir a velocidade dos automoveis" time="0.0" failure="false"/><testcase classname="jasmine" name="Conceitos Básicos de Javascript deve armazenar uma cadeia de caracteres." time="0.0" failure="false"/><testcase classname="jasmine" name="Conceitos Básicos de Javascript deve extrair três caracteres do meio de uma string." time="0.0" failure="false"/><testcase classname="jasmine" name="Conceitos Básicos de Javascript deve obter um caracter de uma determinada posição inválida." time="0.0" failure="false"/><testcase classname="jasmine" name="Conceitos Básicos de Javascript deve obter um caracter de uma determinada posição válida." time="0.0" failure="false"/><testcase classname="jasmine" name="Conceitos Básicos de Javascript deve concatenar duas strings." time="0.0" failure="false"/><testcase classname="jasmine" name="Conceitos de Sinon deve monitorar o disparo de um método." time="0.0" failure="false"/><testcase classname="jasmine" name="Episode model should fire the change event" time="0.0" failure="false"/><testcase classname="jasmine" name="Episode model Conceitos Sinon monitorar chamadas ao ajax" time="0.0" failure="false"/><testcase classname="jasmine" name="Conceitos de Backbone Collection deve armazenar uma série de usuarios" time="0.0" failure="false"/><testcase classname="jasmine" name="Utilização do Backbone via declaração no pom deve instanciar o objeto Model" time="0.0" failure="false"/><testcase classname="jasmine" name="Utilização do Backbone via declaração no pom deve manter escopos de variaveis isoladas" time="0.0" failure="false"/><testcase classname="jasmine" name="Utilização do Backbone via declaração no pom deve disparar o método $.ajax ao salvar." time="0.0" failure="false"/><testcase classname="jasmine" name="Utilização do Backbone via declaração no pom deve interceptar o método $.ajax ao salvar." time="0.0" failure="false"/><testcase classname="jasmine" name="Utilização do Backbone via declaração no pom deve disparar o método change ao alterar um atributo." time="0.0" failure="false"/><testcase classname="jasmine" name="Utilização do Backbone via declaração no pom deve preencher as informações oriundas do servidor." time="0.0" failure="false"/><testcase classname="jasmine" name="Conceitos da integração entre Model e View Deve apresentar uma lista de produtos" time="0.0" failure="false"/><testcase classname="jasmine" name="Conceitos de um Router Backbone deve disparar a main page" time="0.0" failure="false"/><testcase classname="jasmine" name="Conceitos de um Router Backbone deve disparar uma lista de produtos por id" time="0.0" failure="false"/></testsuite>